2021-11-05 07:34:50,683 INFO: Server Started!
2021-11-05 07:34:54,068 INFO: 2021-11-05 07:34:54 waitting
2021-11-05 07:35:04,078 INFO: 2021-11-05 07:35:04 waitting
2021-11-05 07:35:14,080 INFO: 2021-11-05 07:35:14 waitting
2021-11-05 07:35:24,089 INFO: 2021-11-05 07:35:24 waitting
2021-11-05 07:35:34,102 INFO: 2021-11-05 07:35:34 waitting
2021-11-05 07:35:44,112 INFO: 2021-11-05 07:35:44 waitting
2021-11-05 07:35:54,120 INFO: 2021-11-05 07:35:54 waitting
2021-11-05 07:36:04,132 INFO: 2021-11-05 07:36:04 waitting
2021-11-05 07:36:14,133 INFO: 2021-11-05 07:36:14 waitting
2021-11-05 07:36:24,141 INFO: 2021-11-05 07:36:24 waitting
2021-11-05 07:36:34,153 INFO: 2021-11-05 07:36:34 waitting
2021-11-05 07:36:44,162 INFO: 2021-11-05 07:36:44 waitting
2021-11-05 07:36:54,177 INFO: 2021-11-05 07:36:54 waitting
2021-11-05 07:37:04,191 INFO: 2021-11-05 07:37:04 waitting
2021-11-05 07:37:14,197 INFO: 2021-11-05 07:37:14 waitting
2021-11-05 07:37:24,212 INFO: 2021-11-05 07:37:24 waitting
2021-11-05 07:37:34,228 INFO: 2021-11-05 07:37:34 waitting
2021-11-05 07:37:44,236 INFO: 2021-11-05 07:37:44 waitting
2021-11-05 07:37:54,250 INFO: 2021-11-05 07:37:54 waitting
2021-11-05 07:38:04,264 INFO: 2021-11-05 07:38:04 waitting
2021-11-05 07:38:14,268 INFO: 2021-11-05 07:38:14 waitting
2021-11-05 07:38:24,283 INFO: 2021-11-05 07:38:24 waitting
2021-11-05 07:38:34,294 INFO: 2021-11-05 07:38:34 waitting
2021-11-05 07:38:44,310 INFO: 2021-11-05 07:38:44 waitting
2021-11-05 07:38:54,317 INFO: 2021-11-05 07:38:54 waitting
2021-11-05 07:39:04,323 INFO: 2021-11-05 07:39:04 waitting
2021-11-05 07:39:14,334 INFO: 2021-11-05 07:39:14 waitting
2021-11-05 07:39:24,349 INFO: 2021-11-05 07:39:24 waitting
2021-11-05 07:39:34,357 INFO: --------------------------------------------------------------------------------
2021-11-05 07:39:34,357 INFO: start: v221_connector_A.aedtz!
2021-11-05 07:39:34,365 INFO: process code: None
2021-11-05 07:39:34,365 INFO: memory size: 1556480, idle: 0 secs
2021-11-05 07:39:36,807 INFO: D:/demo\v221_connector_A\connector.aedt is created
2021-11-05 07:39:44,372 INFO: process code: None
2021-11-05 07:39:44,372 INFO: memory size: 368648192, idle: 0 secs
2021-11-05 07:39:54,380 INFO: process code: None
2021-11-05 07:39:54,380 INFO: memory size: 369090560, idle: 0 secs
2021-11-05 07:40:04,384 INFO: process code: None
2021-11-05 07:40:04,384 INFO: memory size: 369094656, idle: 0 secs
2021-11-05 07:40:14,393 INFO: process code: None
2021-11-05 07:40:14,393 INFO: memory size: 369139712, idle: 0 secs
2021-11-05 07:40:24,401 INFO: process code: None
2021-11-05 07:40:24,401 INFO: memory size: 369352704, idle: 0 secs
2021-11-05 07:40:34,405 INFO: process code: None
2021-11-05 07:40:34,405 INFO: memory size: 369303552, idle: 0 secs
2021-11-05 07:40:44,414 INFO: process code: None
2021-11-05 07:40:44,414 INFO: memory size: 369303552, idle: 0 secs
2021-11-05 07:40:54,419 INFO: process code: None
2021-11-05 07:40:54,419 INFO: memory size: 369602560, idle: 10 secs
2021-11-05 07:41:04,428 INFO: process code: None
2021-11-05 07:41:04,428 INFO: memory size: 369680384, idle: 0 secs
2021-11-05 07:41:14,436 INFO: process code: None
2021-11-05 07:41:14,436 INFO: memory size: 380837888, idle: 0 secs
2021-11-05 07:41:24,441 INFO: v221_connector_A.aedtz accomplished!
2021-11-05 07:41:26,635 INFO: 2021-11-05 07:41:26 waitting
2021-11-05 07:41:27,338 INFO: D:/demo\v221_connector_A.zip is created
2021-11-05 07:41:36,650 INFO: 2021-11-05 07:41:36 waitting
2021-11-05 07:41:46,663 INFO: 2021-11-05 07:41:46 waitting
2021-11-05 07:41:56,674 INFO: 2021-11-05 07:41:56 waitting
2021-11-05 07:42:06,681 INFO: 2021-11-05 07:42:06 waitting
2021-11-05 07:42:16,692 INFO: 2021-11-05 07:42:16 waitting
2021-11-05 07:42:26,701 INFO: 2021-11-05 07:42:26 waitting
2021-11-05 07:42:36,712 INFO: 2021-11-05 07:42:36 waitting
2021-11-05 07:42:46,725 INFO: 2021-11-05 07:42:46 waitting
2021-11-05 07:42:56,730 INFO: 2021-11-05 07:42:56 waitting
2021-11-05 07:43:06,738 INFO: 2021-11-05 07:43:06 waitting
2021-11-05 07:43:16,744 INFO: 2021-11-05 07:43:16 waitting
2021-11-05 07:43:26,753 INFO: 2021-11-05 07:43:26 waitting
2021-11-05 07:43:36,759 INFO: 2021-11-05 07:43:36 waitting
2021-11-05 07:43:46,761 INFO: 2021-11-05 07:43:46 waitting
2021-11-05 07:43:56,765 INFO: 2021-11-05 07:43:56 waitting
2021-11-05 07:44:06,771 INFO: 2021-11-05 07:44:06 waitting
2021-11-05 07:44:16,780 INFO: 2021-11-05 07:44:16 waitting
2021-11-05 07:44:26,788 INFO: 2021-11-05 07:44:26 waitting
2021-11-05 07:44:36,789 INFO: 2021-11-05 07:44:36 waitting
2021-11-05 07:44:46,797 INFO: 2021-11-05 07:44:46 waitting
2021-11-05 07:44:56,813 INFO: 2021-11-05 07:44:56 waitting
2021-11-05 07:45:06,821 INFO: 2021-11-05 07:45:06 waitting
2021-11-05 07:45:16,834 INFO: 2021-11-05 07:45:16 waitting
2021-11-05 07:45:26,843 INFO: 2021-11-05 07:45:26 waitting
2021-11-05 07:45:36,850 INFO: 2021-11-05 07:45:36 waitting
2021-11-05 07:45:46,857 INFO: 2021-11-05 07:45:46 waitting
2021-11-05 07:45:56,869 INFO: 2021-11-05 07:45:56 waitting
2021-11-05 07:46:06,873 INFO: 2021-11-05 07:46:06 waitting
2021-11-05 07:46:16,873 INFO: 2021-11-05 07:46:16 waitting
2021-11-05 07:46:26,883 INFO: 2021-11-05 07:46:26 waitting
2021-11-05 07:46:36,884 INFO: 2021-11-05 07:46:36 waitting
2021-11-05 07:46:46,888 INFO: 2021-11-05 07:46:46 waitting
2021-11-05 07:46:56,902 INFO: 2021-11-05 07:46:56 waitting
2021-11-05 07:47:06,909 INFO: 2021-11-05 07:47:06 waitting
2021-11-05 07:47:16,921 INFO: 2021-11-05 07:47:16 waitting
2021-11-05 07:47:26,927 INFO: 2021-11-05 07:47:26 waitting
2021-11-05 07:47:36,938 INFO: 2021-11-05 07:47:36 waitting
2021-11-05 07:47:46,940 INFO: 2021-11-05 07:47:46 waitting
2021-11-05 07:47:56,954 INFO: 2021-11-05 07:47:56 waitting
2021-11-05 07:48:06,958 INFO: 2021-11-05 07:48:06 waitting
2021-11-05 07:48:16,962 INFO: 2021-11-05 07:48:16 waitting
2021-11-05 07:48:26,966 INFO: 2021-11-05 07:48:26 waitting
2021-11-05 07:48:36,972 INFO: 2021-11-05 07:48:36 waitting
2021-11-05 07:48:46,988 INFO: 2021-11-05 07:48:46 waitting
2021-11-05 07:48:56,994 INFO: 2021-11-05 07:48:56 waitting
2021-11-05 07:49:07,008 INFO: 2021-11-05 07:49:07 waitting
2021-11-05 07:49:17,012 INFO: 2021-11-05 07:49:17 waitting
2021-11-05 07:49:27,020 INFO: 2021-11-05 07:49:27 waitting
2021-11-05 07:49:37,025 INFO: 2021-11-05 07:49:37 waitting
2021-11-05 07:49:47,040 INFO: 2021-11-05 07:49:47 waitting
2021-11-05 07:49:57,053 INFO: 2021-11-05 07:49:57 waitting
2021-11-05 07:50:07,058 INFO: 2021-11-05 07:50:07 waitting
2021-11-05 07:50:17,065 INFO: 2021-11-05 07:50:17 waitting
2021-11-05 07:50:27,074 INFO: 2021-11-05 07:50:27 waitting
2021-11-05 07:50:37,082 INFO: 2021-11-05 07:50:37 waitting
2021-11-05 07:50:47,083 INFO: 2021-11-05 07:50:47 waitting
2021-11-05 07:50:57,088 INFO: 2021-11-05 07:50:57 waitting
2021-11-05 07:51:07,092 INFO: 2021-11-05 07:51:07 waitting
2021-11-05 07:51:17,107 INFO: 2021-11-05 07:51:17 waitting
2021-11-05 07:51:27,111 INFO: 2021-11-05 07:51:27 waitting
2021-11-05 07:51:37,119 INFO: 2021-11-05 07:51:37 waitting
2021-11-05 07:51:47,127 INFO: 2021-11-05 07:51:47 waitting
2021-11-05 07:51:57,146 INFO: 2021-11-05 07:51:57 waitting
2021-11-05 07:52:07,148 INFO: 2021-11-05 07:52:07 waitting
2021-11-05 07:52:17,154 INFO: 2021-11-05 07:52:17 waitting
2021-11-05 07:52:27,157 INFO: 2021-11-05 07:52:27 waitting
2021-11-05 07:52:37,170 INFO: 2021-11-05 07:52:37 waitting
2021-11-05 07:52:47,180 INFO: 2021-11-05 07:52:47 waitting
2021-11-05 07:52:57,187 INFO: 2021-11-05 07:52:57 waitting
2021-11-05 07:53:07,189 INFO: 2021-11-05 07:53:07 waitting
2021-11-05 07:53:17,195 INFO: 2021-11-05 07:53:17 waitting
2021-11-05 07:53:27,209 INFO: 2021-11-05 07:53:27 waitting
2021-11-05 07:53:37,223 INFO: 2021-11-05 07:53:37 waitting
2021-11-05 07:53:47,230 INFO: 2021-11-05 07:53:47 waitting
2021-11-05 07:53:57,234 INFO: 2021-11-05 07:53:57 waitting
2021-11-05 07:54:07,247 INFO: 2021-11-05 07:54:07 waitting
2021-11-05 07:54:17,258 INFO: 2021-11-05 07:54:17 waitting
2021-11-05 07:54:27,260 INFO: 2021-11-05 07:54:27 waitting
2021-11-05 07:54:37,260 INFO: 2021-11-05 07:54:37 waitting
2021-11-05 07:54:47,261 INFO: 2021-11-05 07:54:47 waitting
2021-11-05 07:54:57,269 INFO: 2021-11-05 07:54:57 waitting
2021-11-05 07:55:07,277 INFO: 2021-11-05 07:55:07 waitting
2021-11-05 07:55:17,279 INFO: 2021-11-05 07:55:17 waitting
2021-11-05 07:55:27,281 INFO: 2021-11-05 07:55:27 waitting
2021-11-05 07:55:37,288 INFO: 2021-11-05 07:55:37 waitting
2021-11-05 07:55:47,300 INFO: 2021-11-05 07:55:47 waitting
2021-11-05 07:55:57,313 INFO: 2021-11-05 07:55:57 waitting
2021-11-05 07:56:07,317 INFO: 2021-11-05 07:56:07 waitting
2021-11-05 07:56:17,319 INFO: 2021-11-05 07:56:17 waitting
2021-11-05 07:56:27,337 INFO: 2021-11-05 07:56:27 waitting
2021-11-05 07:56:37,341 INFO: 2021-11-05 07:56:37 waitting
2021-11-05 07:56:47,350 INFO: 2021-11-05 07:56:47 waitting
2021-11-05 07:56:57,372 INFO: 2021-11-05 07:56:57 waitting
2021-11-05 07:57:07,379 INFO: 2021-11-05 07:57:07 waitting
2021-11-05 07:57:17,379 INFO: 2021-11-05 07:57:17 waitting
2021-11-05 07:57:27,383 INFO: 2021-11-05 07:57:27 waitting
2021-11-05 07:57:37,391 INFO: 2021-11-05 07:57:37 waitting
2021-11-05 07:57:47,403 INFO: 2021-11-05 07:57:47 waitting
2021-11-05 07:57:57,404 INFO: 2021-11-05 07:57:57 waitting
2021-11-05 07:58:07,408 INFO: 2021-11-05 07:58:07 waitting
2021-11-05 07:58:17,412 INFO: 2021-11-05 07:58:17 waitting
2021-11-05 07:58:27,425 INFO: 2021-11-05 07:58:27 waitting
2021-11-05 07:58:37,439 INFO: 2021-11-05 07:58:37 waitting
2021-11-05 07:58:47,455 INFO: 2021-11-05 07:58:47 waitting
2021-11-05 07:58:57,458 INFO: 2021-11-05 07:58:57 waitting
2021-11-05 07:59:07,459 INFO: 2021-11-05 07:59:07 waitting
2021-11-05 07:59:17,473 INFO: 2021-11-05 07:59:17 waitting
2021-11-05 07:59:27,476 INFO: 2021-11-05 07:59:27 waitting
2021-11-05 07:59:37,481 INFO: 2021-11-05 07:59:37 waitting
2021-11-05 07:59:47,486 INFO: 2021-11-05 07:59:47 waitting
2021-11-05 07:59:57,490 INFO: 2021-11-05 07:59:57 waitting
2021-11-05 08:00:07,503 INFO: 2021-11-05 08:00:07 waitting
2021-11-05 08:00:17,514 INFO: 2021-11-05 08:00:17 waitting
2021-11-05 08:00:27,538 INFO: 2021-11-05 08:00:27 waitting
2021-11-05 08:00:37,539 INFO: 2021-11-05 08:00:37 waitting
2021-11-05 08:00:47,548 INFO: 2021-11-05 08:00:47 waitting
2021-11-05 08:00:57,557 INFO: 2021-11-05 08:00:57 waitting
2021-11-05 08:01:07,559 INFO: 2021-11-05 08:01:07 waitting
2021-11-05 08:01:17,573 INFO: 2021-11-05 08:01:17 waitting
2021-11-05 08:01:27,574 INFO: 2021-11-05 08:01:27 waitting
2021-11-05 08:01:37,588 INFO: 2021-11-05 08:01:37 waitting
2021-11-05 08:01:47,589 INFO: 2021-11-05 08:01:47 waitting
2021-11-05 08:01:57,600 INFO: 2021-11-05 08:01:57 waitting
2021-11-05 08:02:07,612 INFO: 2021-11-05 08:02:07 waitting
2021-11-05 08:02:17,620 INFO: 2021-11-05 08:02:17 waitting
2021-11-05 08:02:27,622 INFO: 2021-11-05 08:02:27 waitting
2021-11-05 08:02:37,633 INFO: 2021-11-05 08:02:37 waitting
2021-11-05 08:02:47,653 INFO: 2021-11-05 08:02:47 waitting
2021-11-05 08:02:57,663 INFO: 2021-11-05 08:02:57 waitting
2021-11-05 08:03:07,668 INFO: 2021-11-05 08:03:07 waitting
2021-11-05 08:03:17,668 INFO: 2021-11-05 08:03:17 waitting
2021-11-05 08:03:27,673 INFO: 2021-11-05 08:03:27 waitting
2021-11-05 08:03:37,689 INFO: 2021-11-05 08:03:37 waitting
2021-11-05 08:03:47,694 INFO: 2021-11-05 08:03:47 waitting
2021-11-05 08:03:57,702 INFO: 2021-11-05 08:03:57 waitting
2021-11-05 08:04:07,706 INFO: 2021-11-05 08:04:07 waitting
2021-11-05 08:04:17,708 INFO: 2021-11-05 08:04:17 waitting
2021-11-05 08:04:27,711 INFO: 2021-11-05 08:04:27 waitting
2021-11-05 08:04:37,716 INFO: 2021-11-05 08:04:37 waitting
2021-11-05 08:04:47,730 INFO: 2021-11-05 08:04:47 waitting
2021-11-05 08:04:57,741 INFO: 2021-11-05 08:04:57 waitting
2021-11-05 08:05:07,741 INFO: 2021-11-05 08:05:07 waitting
2021-11-05 08:05:17,753 INFO: 2021-11-05 08:05:17 waitting
2021-11-05 08:05:27,756 INFO: 2021-11-05 08:05:27 waitting
2021-11-05 08:05:37,770 INFO: 2021-11-05 08:05:37 waitting
2021-11-05 08:05:47,778 INFO: 2021-11-05 08:05:47 waitting
2021-11-05 08:05:57,781 INFO: 2021-11-05 08:05:57 waitting
2021-11-05 08:06:07,784 INFO: 2021-11-05 08:06:07 waitting
2021-11-05 08:06:17,787 INFO: 2021-11-05 08:06:17 waitting
2021-11-05 08:06:27,788 INFO: 2021-11-05 08:06:27 waitting
2021-11-05 08:06:37,795 INFO: 2021-11-05 08:06:37 waitting
2021-11-05 08:06:47,796 INFO: 2021-11-05 08:06:47 waitting
2021-11-05 08:06:57,807 INFO: 2021-11-05 08:06:57 waitting
2021-11-05 08:07:07,815 INFO: 2021-11-05 08:07:07 waitting
2021-11-05 08:07:17,818 INFO: 2021-11-05 08:07:17 waitting
2021-11-05 08:07:27,826 INFO: 2021-11-05 08:07:27 waitting
2021-11-05 08:07:37,834 INFO: 2021-11-05 08:07:37 waitting
2021-11-05 08:07:47,848 INFO: 2021-11-05 08:07:47 waitting
2021-11-05 08:07:57,851 INFO: 2021-11-05 08:07:57 waitting
2021-11-05 08:08:07,867 INFO: 2021-11-05 08:08:07 waitting
2021-11-05 08:08:17,869 INFO: 2021-11-05 08:08:17 waitting
2021-11-05 08:08:27,870 INFO: 2021-11-05 08:08:27 waitting
2021-11-05 08:08:37,882 INFO: 2021-11-05 08:08:37 waitting
2021-11-05 08:08:47,894 INFO: 2021-11-05 08:08:47 waitting
2021-11-05 08:08:57,904 INFO: 2021-11-05 08:08:57 waitting
2021-11-05 08:09:07,907 INFO: 2021-11-05 08:09:07 waitting
2021-11-05 08:09:17,922 INFO: 2021-11-05 08:09:17 waitting
2021-11-05 08:09:27,924 INFO: 2021-11-05 08:09:27 waitting
2021-11-05 08:09:37,932 INFO: 2021-11-05 08:09:37 waitting
2021-11-05 08:09:47,940 INFO: 2021-11-05 08:09:47 waitting
2021-11-05 08:09:57,948 INFO: 2021-11-05 08:09:57 waitting
2021-11-05 08:10:07,964 INFO: 2021-11-05 08:10:07 waitting
2021-11-05 08:10:17,970 INFO: 2021-11-05 08:10:17 waitting
2021-11-05 08:10:27,985 INFO: 2021-11-05 08:10:27 waitting
2021-11-05 08:10:38,001 INFO: 2021-11-05 08:10:38 waitting
2021-11-05 08:10:48,008 INFO: 2021-11-05 08:10:48 waitting
2021-11-05 08:10:58,021 INFO: 2021-11-05 08:10:58 waitting
2021-11-05 08:11:08,035 INFO: 2021-11-05 08:11:08 waitting
2021-11-05 08:11:18,051 INFO: 2021-11-05 08:11:18 waitting
2021-11-05 08:11:28,055 INFO: 2021-11-05 08:11:28 waitting
2021-11-05 08:11:38,070 INFO: 2021-11-05 08:11:38 waitting
2021-11-05 08:11:48,071 INFO: 2021-11-05 08:11:48 waitting
2021-11-05 08:11:58,077 INFO: 2021-11-05 08:11:58 waitting
2021-11-05 08:12:08,091 INFO: 2021-11-05 08:12:08 waitting
2021-11-05 08:12:18,105 INFO: 2021-11-05 08:12:18 waitting
2021-11-05 08:12:28,110 INFO: 2021-11-05 08:12:28 waitting
2021-11-05 08:12:38,112 INFO: 2021-11-05 08:12:38 waitting
2021-11-05 08:12:48,126 INFO: 2021-11-05 08:12:48 waitting
2021-11-05 08:12:58,137 INFO: 2021-11-05 08:12:58 waitting
2021-11-05 08:13:08,153 INFO: 2021-11-05 08:13:08 waitting
2021-11-05 08:13:18,165 INFO: 2021-11-05 08:13:18 waitting
2021-11-05 08:13:28,167 INFO: 2021-11-05 08:13:28 waitting
2021-11-05 08:13:38,185 INFO: 2021-11-05 08:13:38 waitting
2021-11-05 08:13:48,201 INFO: 2021-11-05 08:13:48 waitting
2021-11-05 08:13:58,208 INFO: 2021-11-05 08:13:58 waitting
2021-11-05 08:14:08,212 INFO: 2021-11-05 08:14:08 waitting
2021-11-05 08:14:18,222 INFO: 2021-11-05 08:14:18 waitting
2021-11-05 08:14:28,224 INFO: 2021-11-05 08:14:28 waitting
2021-11-05 08:14:38,233 INFO: 2021-11-05 08:14:38 waitting
2021-11-05 08:14:48,243 INFO: 2021-11-05 08:14:48 waitting
2021-11-05 08:14:58,246 INFO: 2021-11-05 08:14:58 waitting
2021-11-05 08:15:08,261 INFO: 2021-11-05 08:15:08 waitting
2021-11-05 08:15:18,263 INFO: 2021-11-05 08:15:18 waitting
2021-11-05 08:15:28,271 INFO: 2021-11-05 08:15:28 waitting
2021-11-05 08:15:38,288 INFO: 2021-11-05 08:15:38 waitting
2021-11-05 08:15:48,302 INFO: 2021-11-05 08:15:48 waitting
2021-11-05 08:15:58,313 INFO: 2021-11-05 08:15:58 waitting
2021-11-05 08:16:08,328 INFO: 2021-11-05 08:16:08 waitting
2021-11-05 08:16:18,344 INFO: 2021-11-05 08:16:18 waitting
2021-11-05 08:16:28,346 INFO: 2021-11-05 08:16:28 waitting
2021-11-05 08:16:38,358 INFO: 2021-11-05 08:16:38 waitting
2021-11-05 08:16:48,363 INFO: 2021-11-05 08:16:48 waitting
2021-11-05 08:16:58,375 INFO: 2021-11-05 08:16:58 waitting
2021-11-05 08:17:08,380 INFO: 2021-11-05 08:17:08 waitting
2021-11-05 08:17:18,388 INFO: 2021-11-05 08:17:18 waitting
2021-11-05 08:17:28,399 INFO: 2021-11-05 08:17:28 waitting
2021-11-05 08:17:38,408 INFO: 2021-11-05 08:17:38 waitting
2021-11-05 08:17:48,418 INFO: 2021-11-05 08:17:48 waitting
2021-11-05 08:17:58,428 INFO: 2021-11-05 08:17:58 waitting
2021-11-05 08:18:08,440 INFO: 2021-11-05 08:18:08 waitting
2021-11-05 08:18:18,446 INFO: 2021-11-05 08:18:18 waitting
2021-11-05 08:18:28,456 INFO: 2021-11-05 08:18:28 waitting
2021-11-05 08:18:38,470 INFO: 2021-11-05 08:18:38 waitting
2021-11-05 08:18:48,474 INFO: 2021-11-05 08:18:48 waitting
2021-11-05 08:18:58,488 INFO: 2021-11-05 08:18:58 waitting
2021-11-05 08:19:08,491 INFO: 2021-11-05 08:19:08 waitting
2021-11-05 08:19:18,496 INFO: 2021-11-05 08:19:18 waitting
2021-11-05 08:19:28,505 INFO: 2021-11-05 08:19:28 waitting
2021-11-05 08:19:38,511 INFO: 2021-11-05 08:19:38 waitting
2021-11-05 08:19:48,521 INFO: 2021-11-05 08:19:48 waitting
2021-11-05 08:19:58,536 INFO: 2021-11-05 08:19:58 waitting
2021-11-05 08:20:08,544 INFO: 2021-11-05 08:20:08 waitting
2021-11-05 08:20:18,555 INFO: 2021-11-05 08:20:18 waitting
2021-11-05 08:20:28,569 INFO: 2021-11-05 08:20:28 waitting
2021-11-05 08:20:38,586 INFO: 2021-11-05 08:20:38 waitting
2021-11-05 08:20:48,601 INFO: 2021-11-05 08:20:48 waitting
2021-11-05 08:20:58,606 INFO: 2021-11-05 08:20:58 waitting
2021-11-05 08:21:08,611 INFO: 2021-11-05 08:21:08 waitting
2021-11-05 08:21:18,624 INFO: 2021-11-05 08:21:18 waitting
2021-11-05 08:21:28,629 INFO: 2021-11-05 08:21:28 waitting
2021-11-05 08:21:38,641 INFO: 2021-11-05 08:21:38 waitting
2021-11-05 08:21:48,645 INFO: 2021-11-05 08:21:48 waitting
2021-11-05 08:21:58,657 INFO: 2021-11-05 08:21:58 waitting
2021-11-05 08:22:08,661 INFO: 2021-11-05 08:22:08 waitting
2021-11-05 08:22:18,672 INFO: 2021-11-05 08:22:18 waitting
2021-11-05 08:22:28,682 INFO: 2021-11-05 08:22:28 waitting
2021-11-05 08:22:38,687 INFO: 2021-11-05 08:22:38 waitting
2021-11-05 08:22:48,692 INFO: 2021-11-05 08:22:48 waitting
2021-11-05 08:22:58,696 INFO: 2021-11-05 08:22:58 waitting
2021-11-05 08:23:08,702 INFO: 2021-11-05 08:23:08 waitting
2021-11-05 08:23:18,706 INFO: 2021-11-05 08:23:18 waitting
2021-11-05 08:23:28,719 INFO: 2021-11-05 08:23:28 waitting
2021-11-05 08:23:38,722 INFO: 2021-11-05 08:23:38 waitting
2021-11-05 08:23:48,733 INFO: 2021-11-05 08:23:48 waitting
2021-11-05 08:23:58,741 INFO: 2021-11-05 08:23:58 waitting
2021-11-05 08:24:08,755 INFO: 2021-11-05 08:24:08 waitting
2021-11-05 08:24:18,765 INFO: 2021-11-05 08:24:18 waitting
2021-11-05 08:24:28,775 INFO: 2021-11-05 08:24:28 waitting
2021-11-05 08:24:38,787 INFO: 2021-11-05 08:24:38 waitting
2021-11-05 08:24:48,800 INFO: 2021-11-05 08:24:48 waitting
2021-11-05 08:24:58,809 INFO: 2021-11-05 08:24:58 waitting
2021-11-05 08:25:08,824 INFO: 2021-11-05 08:25:08 waitting
2021-11-05 08:25:18,836 INFO: 2021-11-05 08:25:18 waitting
2021-11-05 08:25:28,850 INFO: 2021-11-05 08:25:28 waitting
2021-11-05 08:25:38,866 INFO: 2021-11-05 08:25:38 waitting
2021-11-05 08:25:48,878 INFO: 2021-11-05 08:25:48 waitting
2021-11-05 08:25:58,892 INFO: 2021-11-05 08:25:58 waitting
2021-11-05 08:26:08,903 INFO: 2021-11-05 08:26:08 waitting
2021-11-05 08:26:18,912 INFO: 2021-11-05 08:26:18 waitting
2021-11-05 08:26:28,927 INFO: 2021-11-05 08:26:28 waitting
2021-11-05 08:26:38,943 INFO: 2021-11-05 08:26:38 waitting
2021-11-05 08:26:48,947 INFO: 2021-11-05 08:26:48 waitting
2021-11-05 08:26:58,948 INFO: 2021-11-05 08:26:58 waitting
2021-11-05 08:27:08,956 INFO: 2021-11-05 08:27:08 waitting
2021-11-05 08:27:18,959 INFO: 2021-11-05 08:27:18 waitting
2021-11-05 08:27:28,976 INFO: 2021-11-05 08:27:28 waitting
2021-11-05 08:27:38,991 INFO: 2021-11-05 08:27:38 waitting
2021-11-05 08:27:48,996 INFO: 2021-11-05 08:27:48 waitting
2021-11-05 08:27:59,003 INFO: 2021-11-05 08:27:59 waitting
2021-11-05 08:28:09,003 INFO: 2021-11-05 08:28:09 waitting
2021-11-05 08:28:19,018 INFO: 2021-11-05 08:28:19 waitting
2021-11-05 08:28:29,034 INFO: 2021-11-05 08:28:29 waitting
2021-11-05 08:28:39,036 INFO: 2021-11-05 08:28:39 waitting
2021-11-05 08:28:49,041 INFO: 2021-11-05 08:28:49 waitting
2021-11-05 08:28:59,051 INFO: 2021-11-05 08:28:59 waitting
2021-11-05 08:29:09,065 INFO: 2021-11-05 08:29:09 waitting
2021-11-05 08:29:19,071 INFO: 2021-11-05 08:29:19 waitting
2021-11-05 08:29:29,083 INFO: 2021-11-05 08:29:29 waitting
2021-11-05 08:29:39,095 INFO: 2021-11-05 08:29:39 waitting
2021-11-05 08:29:49,095 INFO: 2021-11-05 08:29:49 waitting
2021-11-05 08:29:59,109 INFO: 2021-11-05 08:29:59 waitting
2021-11-05 08:30:09,110 INFO: 2021-11-05 08:30:09 waitting
2021-11-05 08:30:19,111 INFO: 2021-11-05 08:30:19 waitting
2021-11-05 08:30:29,121 INFO: 2021-11-05 08:30:29 waitting
2021-11-05 08:30:39,126 INFO: 2021-11-05 08:30:39 waitting
2021-11-05 08:30:49,131 INFO: 2021-11-05 08:30:49 waitting
2021-11-05 08:30:59,147 INFO: 2021-11-05 08:30:59 waitting
2021-11-05 08:31:09,161 INFO: 2021-11-05 08:31:09 waitting
2021-11-05 08:31:19,172 INFO: 2021-11-05 08:31:19 waitting
2021-11-05 08:31:29,188 INFO: 2021-11-05 08:31:29 waitting
2021-11-05 08:31:39,200 INFO: 2021-11-05 08:31:39 waitting
2021-11-05 08:31:49,209 INFO: 2021-11-05 08:31:49 waitting
2021-11-05 08:31:59,215 INFO: 2021-11-05 08:31:59 waitting
2021-11-05 08:32:09,220 INFO: 2021-11-05 08:32:09 waitting
2021-11-05 08:32:19,233 INFO: 2021-11-05 08:32:19 waitting
2021-11-05 08:32:29,241 INFO: 2021-11-05 08:32:29 waitting
2021-11-05 08:32:39,251 INFO: 2021-11-05 08:32:39 waitting
2021-11-05 08:32:49,252 INFO: 2021-11-05 08:32:49 waitting
2021-11-05 08:32:59,265 INFO: 2021-11-05 08:32:59 waitting
2021-11-05 08:33:09,277 INFO: 2021-11-05 08:33:09 waitting
2021-11-05 08:33:19,285 INFO: 2021-11-05 08:33:19 waitting
2021-11-05 08:33:29,299 INFO: 2021-11-05 08:33:29 waitting
2021-11-05 08:33:39,315 INFO: 2021-11-05 08:33:39 waitting
2021-11-05 08:33:49,324 INFO: 2021-11-05 08:33:49 waitting
2021-11-05 08:33:59,330 INFO: 2021-11-05 08:33:59 waitting
2021-11-05 08:34:09,340 INFO: 2021-11-05 08:34:09 waitting
2021-11-05 08:34:19,341 INFO: 2021-11-05 08:34:19 waitting
2021-11-05 08:34:29,353 INFO: 2021-11-05 08:34:29 waitting
2021-11-05 08:34:39,368 INFO: 2021-11-05 08:34:39 waitting
2021-11-05 08:34:49,374 INFO: 2021-11-05 08:34:49 waitting
2021-11-05 08:34:59,388 INFO: 2021-11-05 08:34:59 waitting
2021-11-05 08:35:09,400 INFO: 2021-11-05 08:35:09 waitting
2021-11-05 08:35:19,416 INFO: 2021-11-05 08:35:19 waitting
2021-11-05 08:35:29,427 INFO: 2021-11-05 08:35:29 waitting
2021-11-05 08:35:39,439 INFO: 2021-11-05 08:35:39 waitting
2021-11-05 08:35:49,442 INFO: 2021-11-05 08:35:49 waitting
2021-11-05 08:35:59,455 INFO: 2021-11-05 08:35:59 waitting
2021-11-05 08:36:09,465 INFO: 2021-11-05 08:36:09 waitting
2021-11-05 08:36:19,466 INFO: 2021-11-05 08:36:19 waitting
2021-11-05 08:36:29,480 INFO: 2021-11-05 08:36:29 waitting
2021-11-05 08:36:39,481 INFO: 2021-11-05 08:36:39 waitting
2021-11-05 08:36:49,488 INFO: 2021-11-05 08:36:49 waitting
2021-11-05 08:36:59,503 INFO: 2021-11-05 08:36:59 waitting
2021-11-05 08:37:09,517 INFO: 2021-11-05 08:37:09 waitting
2021-11-05 08:37:19,532 INFO: 2021-11-05 08:37:19 waitting
2021-11-05 08:37:29,543 INFO: 2021-11-05 08:37:29 waitting
2021-11-05 08:37:39,552 INFO: 2021-11-05 08:37:39 waitting
2021-11-05 08:37:49,565 INFO: 2021-11-05 08:37:49 waitting
2021-11-05 08:37:59,567 INFO: 2021-11-05 08:37:59 waitting
2021-11-05 08:38:09,580 INFO: 2021-11-05 08:38:09 waitting
2021-11-05 08:38:19,596 INFO: 2021-11-05 08:38:19 waitting
2021-11-05 08:38:29,601 INFO: 2021-11-05 08:38:29 waitting
2021-11-05 08:38:39,616 INFO: 2021-11-05 08:38:39 waitting
2021-11-05 08:38:49,623 INFO: 2021-11-05 08:38:49 waitting
2021-11-05 08:38:59,638 INFO: 2021-11-05 08:38:59 waitting
2021-11-05 08:39:09,650 INFO: 2021-11-05 08:39:09 waitting
2021-11-05 08:39:19,662 INFO: 2021-11-05 08:39:19 waitting
2021-11-05 08:39:29,668 INFO: 2021-11-05 08:39:29 waitting
2021-11-05 08:39:39,677 INFO: 2021-11-05 08:39:39 waitting
2021-11-05 08:39:49,693 INFO: 2021-11-05 08:39:49 waitting
2021-11-05 08:39:59,696 INFO: 2021-11-05 08:39:59 waitting
2021-11-05 08:40:09,701 INFO: 2021-11-05 08:40:09 waitting
2021-11-05 08:40:19,716 INFO: 2021-11-05 08:40:19 waitting
2021-11-05 08:40:29,725 INFO: 2021-11-05 08:40:29 waitting
2021-11-05 08:40:39,741 INFO: 2021-11-05 08:40:39 waitting
2021-11-05 08:40:49,756 INFO: 2021-11-05 08:40:49 waitting
2021-11-05 08:40:59,757 INFO: 2021-11-05 08:40:59 waitting
2021-11-05 08:41:09,768 INFO: 2021-11-05 08:41:09 waitting
2021-11-05 08:41:19,776 INFO: 2021-11-05 08:41:19 waitting
2021-11-05 08:41:29,790 INFO: 2021-11-05 08:41:29 waitting
2021-11-05 08:41:39,805 INFO: 2021-11-05 08:41:39 waitting
2021-11-05 08:41:49,818 INFO: 2021-11-05 08:41:49 waitting
2021-11-05 08:41:59,822 INFO: 2021-11-05 08:41:59 waitting
2021-11-05 08:42:09,834 INFO: 2021-11-05 08:42:09 waitting
2021-11-05 08:42:19,850 INFO: 2021-11-05 08:42:19 waitting
2021-11-05 08:42:29,860 INFO: 2021-11-05 08:42:29 waitting
2021-11-05 08:42:39,867 INFO: 2021-11-05 08:42:39 waitting
2021-11-05 08:42:49,881 INFO: 2021-11-05 08:42:49 waitting
2021-11-05 08:42:59,888 INFO: 2021-11-05 08:42:59 waitting
2021-11-05 08:43:09,895 INFO: 2021-11-05 08:43:09 waitting
2021-11-05 08:43:19,904 INFO: 2021-11-05 08:43:19 waitting
2021-11-05 08:43:29,914 INFO: 2021-11-05 08:43:29 waitting
2021-11-05 08:43:39,922 INFO: 2021-11-05 08:43:39 waitting
2021-11-05 08:43:49,932 INFO: 2021-11-05 08:43:49 waitting
2021-11-05 08:43:59,942 INFO: 2021-11-05 08:43:59 waitting
2021-11-05 08:44:09,946 INFO: 2021-11-05 08:44:09 waitting
2021-11-05 08:44:19,953 INFO: 2021-11-05 08:44:19 waitting
2021-11-05 08:44:29,968 INFO: 2021-11-05 08:44:29 waitting
2021-11-05 08:44:39,977 INFO: 2021-11-05 08:44:39 waitting
2021-11-05 08:44:49,993 INFO: 2021-11-05 08:44:49 waitting
2021-11-05 08:45:00,008 INFO: 2021-11-05 08:45:00 waitting
2021-11-05 08:45:10,011 INFO: 2021-11-05 08:45:10 waitting
2021-11-05 08:45:20,019 INFO: 2021-11-05 08:45:20 waitting
2021-11-05 08:45:30,031 INFO: 2021-11-05 08:45:30 waitting
2021-11-05 08:45:40,034 INFO: 2021-11-05 08:45:40 waitting
2021-11-05 08:45:50,042 INFO: 2021-11-05 08:45:50 waitting
2021-11-05 08:46:00,056 INFO: 2021-11-05 08:46:00 waitting
2021-11-05 08:46:10,064 INFO: 2021-11-05 08:46:10 waitting
2021-11-05 08:46:20,069 INFO: 2021-11-05 08:46:20 waitting
2021-11-05 08:46:30,072 INFO: 2021-11-05 08:46:30 waitting
2021-11-05 08:46:40,087 INFO: 2021-11-05 08:46:40 waitting
2021-11-05 08:46:50,096 INFO: 2021-11-05 08:46:50 waitting
2021-11-05 08:47:00,108 INFO: 2021-11-05 08:47:00 waitting
2021-11-05 08:47:10,118 INFO: 2021-11-05 08:47:10 waitting
2021-11-05 08:47:20,134 INFO: 2021-11-05 08:47:20 waitting
2021-11-05 08:47:30,136 INFO: 2021-11-05 08:47:30 waitting
2021-11-05 08:47:40,152 INFO: 2021-11-05 08:47:40 waitting
2021-11-05 08:47:50,165 INFO: 2021-11-05 08:47:50 waitting
2021-11-05 08:48:00,168 INFO: 2021-11-05 08:48:00 waitting
2021-11-05 08:48:10,184 INFO: 2021-11-05 08:48:10 waitting
2021-11-05 08:48:20,188 INFO: 2021-11-05 08:48:20 waitting
2021-11-05 08:48:30,205 INFO: 2021-11-05 08:48:30 waitting
2021-11-05 08:48:40,222 INFO: 2021-11-05 08:48:40 waitting
2021-11-05 08:48:50,226 INFO: 2021-11-05 08:48:50 waitting
2021-11-05 08:49:00,242 INFO: 2021-11-05 08:49:00 waitting
2021-11-05 08:49:10,249 INFO: 2021-11-05 08:49:10 waitting
2021-11-05 08:49:20,253 INFO: 2021-11-05 08:49:20 waitting
2021-11-05 08:49:30,262 INFO: 2021-11-05 08:49:30 waitting
2021-11-05 08:49:40,271 INFO: 2021-11-05 08:49:40 waitting
2021-11-05 08:49:50,282 INFO: 2021-11-05 08:49:50 waitting
2021-11-05 08:50:00,294 INFO: 2021-11-05 08:50:00 waitting
2021-11-05 08:50:10,307 INFO: 2021-11-05 08:50:10 waitting
2021-11-05 08:50:20,320 INFO: 2021-11-05 08:50:20 waitting
2021-11-05 08:50:30,325 INFO: 2021-11-05 08:50:30 waitting
2021-11-05 08:50:40,337 INFO: 2021-11-05 08:50:40 waitting
2021-11-05 08:50:50,345 INFO: 2021-11-05 08:50:50 waitting
2021-11-05 08:51:00,360 INFO: 2021-11-05 08:51:00 waitting
2021-11-05 08:51:10,376 INFO: 2021-11-05 08:51:10 waitting
2021-11-05 08:51:20,383 INFO: 2021-11-05 08:51:20 waitting
2021-11-05 08:51:30,398 INFO: 2021-11-05 08:51:30 waitting
2021-11-05 08:51:40,408 INFO: 2021-11-05 08:51:40 waitting
2021-11-05 08:51:50,424 INFO: 2021-11-05 08:51:50 waitting
2021-11-05 08:52:00,435 INFO: 2021-11-05 08:52:00 waitting
2021-11-05 08:52:10,443 INFO: 2021-11-05 08:52:10 waitting
2021-11-05 08:52:20,456 INFO: 2021-11-05 08:52:20 waitting
2021-11-05 08:52:30,464 INFO: 2021-11-05 08:52:30 waitting
2021-11-05 08:52:40,466 INFO: 2021-11-05 08:52:40 waitting
2021-11-05 08:52:50,470 INFO: 2021-11-05 08:52:50 waitting
2021-11-05 08:53:00,473 INFO: 2021-11-05 08:53:00 waitting
2021-11-05 08:53:10,488 INFO: 2021-11-05 08:53:10 waitting
2021-11-05 08:53:20,504 INFO: 2021-11-05 08:53:20 waitting
2021-11-05 08:53:30,511 INFO: 2021-11-05 08:53:30 waitting
2021-11-05 08:53:40,521 INFO: 2021-11-05 08:53:40 waitting
2021-11-05 08:53:50,537 INFO: 2021-11-05 08:53:50 waitting
2021-11-05 08:54:00,549 INFO: 2021-11-05 08:54:00 waitting
2021-11-05 08:54:10,553 INFO: 2021-11-05 08:54:10 waitting
2021-11-05 08:54:20,559 INFO: 2021-11-05 08:54:20 waitting
2021-11-05 08:54:30,570 INFO: 2021-11-05 08:54:30 waitting
2021-11-05 08:54:40,583 INFO: 2021-11-05 08:54:40 waitting
2021-11-05 08:54:50,598 INFO: 2021-11-05 08:54:50 waitting
2021-11-05 08:55:00,607 INFO: 2021-11-05 08:55:00 waitting
2021-11-05 08:55:10,613 INFO: 2021-11-05 08:55:10 waitting
2021-11-05 08:55:20,616 INFO: 2021-11-05 08:55:20 waitting
2021-11-05 08:55:30,619 INFO: 2021-11-05 08:55:30 waitting
2021-11-05 08:55:40,633 INFO: 2021-11-05 08:55:40 waitting
2021-11-05 08:55:50,637 INFO: 2021-11-05 08:55:50 waitting
2021-11-05 08:56:00,640 INFO: 2021-11-05 08:56:00 waitting
2021-11-05 08:56:10,654 INFO: 2021-11-05 08:56:10 waitting
2021-11-05 08:56:20,656 INFO: 2021-11-05 08:56:20 waitting
2021-11-05 08:56:30,664 INFO: 2021-11-05 08:56:30 waitting
2021-11-05 08:56:40,677 INFO: 2021-11-05 08:56:40 waitting
2021-11-05 08:56:50,688 INFO: 2021-11-05 08:56:50 waitting
2021-11-05 08:57:00,700 INFO: 2021-11-05 08:57:00 waitting
2021-11-05 08:57:10,712 INFO: 2021-11-05 08:57:10 waitting
2021-11-05 08:57:20,726 INFO: 2021-11-05 08:57:20 waitting
2021-11-05 08:57:30,728 INFO: 2021-11-05 08:57:30 waitting
2021-11-05 08:57:40,743 INFO: 2021-11-05 08:57:40 waitting
2021-11-05 08:57:50,759 INFO: 2021-11-05 08:57:50 waitting
2021-11-05 08:58:00,765 INFO: 2021-11-05 08:58:00 waitting
2021-11-05 08:58:10,771 INFO: 2021-11-05 08:58:10 waitting
2021-11-05 08:58:20,786 INFO: 2021-11-05 08:58:20 waitting
2021-11-05 08:58:30,791 INFO: 2021-11-05 08:58:30 waitting
2021-11-05 08:58:40,804 INFO: 2021-11-05 08:58:40 waitting
2021-11-05 08:58:50,809 INFO: 2021-11-05 08:58:50 waitting
2021-11-05 08:59:00,812 INFO: 2021-11-05 08:59:00 waitting
2021-11-05 08:59:10,818 INFO: 2021-11-05 08:59:10 waitting
2021-11-05 08:59:20,823 INFO: 2021-11-05 08:59:20 waitting
2021-11-05 08:59:30,839 INFO: 2021-11-05 08:59:30 waitting
2021-11-05 08:59:40,842 INFO: 2021-11-05 08:59:40 waitting
2021-11-05 08:59:50,850 INFO: 2021-11-05 08:59:50 waitting
2021-11-05 09:00:00,863 INFO: 2021-11-05 09:00:00 waitting
2021-11-05 09:00:10,867 INFO: 2021-11-05 09:00:10 waitting
2021-11-05 09:00:20,872 INFO: 2021-11-05 09:00:20 waitting
2021-11-05 09:00:30,880 INFO: 2021-11-05 09:00:30 waitting
2021-11-05 09:00:40,896 INFO: 2021-11-05 09:00:40 waitting
2021-11-05 09:00:50,910 INFO: 2021-11-05 09:00:50 waitting
2021-11-05 09:01:00,927 INFO: 2021-11-05 09:01:00 waitting
2021-11-05 09:01:10,942 INFO: 2021-11-05 09:01:10 waitting
2021-11-05 09:01:20,944 INFO: 2021-11-05 09:01:20 waitting
2021-11-05 09:01:30,949 INFO: 2021-11-05 09:01:30 waitting
2021-11-05 09:01:40,964 INFO: 2021-11-05 09:01:40 waitting
2021-11-05 09:01:50,970 INFO: 2021-11-05 09:01:50 waitting
2021-11-05 09:02:00,974 INFO: 2021-11-05 09:02:00 waitting
2021-11-05 09:02:10,983 INFO: 2021-11-05 09:02:10 waitting
2021-11-05 09:02:20,995 INFO: 2021-11-05 09:02:20 waitting
2021-11-05 09:02:30,996 INFO: 2021-11-05 09:02:30 waitting
2021-11-05 09:02:41,000 INFO: 2021-11-05 09:02:41 waitting
2021-11-05 09:02:51,015 INFO: 2021-11-05 09:02:51 waitting
2021-11-05 09:03:01,024 INFO: 2021-11-05 09:03:01 waitting
2021-11-05 09:03:11,036 INFO: 2021-11-05 09:03:11 waitting
2021-11-05 09:03:21,044 INFO: 2021-11-05 09:03:21 waitting
2021-11-05 09:03:31,050 INFO: 2021-11-05 09:03:31 waitting
2021-11-05 09:03:41,055 INFO: 2021-11-05 09:03:41 waitting
2021-11-05 09:03:51,064 INFO: 2021-11-05 09:03:51 waitting
2021-11-05 09:04:01,075 INFO: 2021-11-05 09:04:01 waitting
2021-11-05 09:04:11,081 INFO: 2021-11-05 09:04:11 waitting
2021-11-05 09:04:21,085 INFO: 2021-11-05 09:04:21 waitting
2021-11-05 09:04:31,088 INFO: 2021-11-05 09:04:31 waitting
2021-11-05 09:04:41,095 INFO: 2021-11-05 09:04:41 waitting
2021-11-05 09:04:51,102 INFO: 2021-11-05 09:04:51 waitting
2021-11-05 09:05:01,115 INFO: 2021-11-05 09:05:01 waitting
2021-11-05 09:05:11,123 INFO: 2021-11-05 09:05:11 waitting
2021-11-05 09:05:21,132 INFO: 2021-11-05 09:05:21 waitting
2021-11-05 09:05:31,148 INFO: 2021-11-05 09:05:31 waitting
2021-11-05 09:05:41,162 INFO: 2021-11-05 09:05:41 waitting
2021-11-05 09:05:51,167 INFO: 2021-11-05 09:05:51 waitting
2021-11-05 09:06:01,173 INFO: 2021-11-05 09:06:01 waitting
2021-11-05 09:06:11,183 INFO: 2021-11-05 09:06:11 waitting
2021-11-05 09:06:21,189 INFO: 2021-11-05 09:06:21 waitting
2021-11-05 09:06:31,196 INFO: 2021-11-05 09:06:31 waitting
2021-11-05 09:06:41,210 INFO: 2021-11-05 09:06:41 waitting
2021-11-05 09:06:51,223 INFO: 2021-11-05 09:06:51 waitting
2021-11-05 09:07:01,227 INFO: 2021-11-05 09:07:01 waitting
2021-11-05 09:07:11,235 INFO: 2021-11-05 09:07:11 waitting
2021-11-05 09:07:21,251 INFO: 2021-11-05 09:07:21 waitting
2021-11-05 09:07:31,266 INFO: 2021-11-05 09:07:31 waitting
2021-11-05 09:07:41,268 INFO: 2021-11-05 09:07:41 waitting
2021-11-05 09:07:51,279 INFO: 2021-11-05 09:07:51 waitting
2021-11-05 09:08:01,293 INFO: 2021-11-05 09:08:01 waitting
2021-11-05 09:08:11,303 INFO: 2021-11-05 09:08:11 waitting
2021-11-05 09:08:21,313 INFO: 2021-11-05 09:08:21 waitting
2021-11-05 09:08:31,317 INFO: 2021-11-05 09:08:31 waitting
2021-11-05 09:08:41,320 INFO: 2021-11-05 09:08:41 waitting
2021-11-05 09:08:51,333 INFO: 2021-11-05 09:08:51 waitting
2021-11-05 09:09:01,348 INFO: 2021-11-05 09:09:01 waitting
2021-11-05 09:09:11,352 INFO: 2021-11-05 09:09:11 waitting
2021-11-05 09:09:21,355 INFO: 2021-11-05 09:09:21 waitting
2021-11-05 09:09:31,370 INFO: 2021-11-05 09:09:31 waitting
2021-11-05 09:09:41,373 INFO: 2021-11-05 09:09:41 waitting
2021-11-05 09:09:51,385 INFO: 2021-11-05 09:09:51 waitting
2021-11-05 09:10:01,389 INFO: 2021-11-05 09:10:01 waitting
2021-11-05 09:10:11,391 INFO: 2021-11-05 09:10:11 waitting
2021-11-05 09:10:21,401 INFO: 2021-11-05 09:10:21 waitting
2021-11-05 09:10:31,415 INFO: 2021-11-05 09:10:31 waitting
2021-11-05 09:10:41,427 INFO: 2021-11-05 09:10:41 waitting
2021-11-05 09:10:51,428 INFO: 2021-11-05 09:10:51 waitting
2021-11-05 09:11:01,443 INFO: 2021-11-05 09:11:01 waitting
2021-11-05 09:11:11,457 INFO: 2021-11-05 09:11:11 waitting
2021-11-05 09:11:21,471 INFO: 2021-11-05 09:11:21 waitting
2021-11-05 09:11:31,487 INFO: 2021-11-05 09:11:31 waitting
2021-11-05 09:11:41,495 INFO: 2021-11-05 09:11:41 waitting
2021-11-05 09:11:51,502 INFO: 2021-11-05 09:11:51 waitting
2021-11-05 09:12:01,508 INFO: 2021-11-05 09:12:01 waitting
2021-11-05 09:12:11,512 INFO: 2021-11-05 09:12:11 waitting
2021-11-05 09:12:21,515 INFO: 2021-11-05 09:12:21 waitting
2021-11-05 09:12:31,528 INFO: 2021-11-05 09:12:31 waitting
2021-11-05 09:12:41,528 INFO: 2021-11-05 09:12:41 waitting
2021-11-05 09:12:51,531 INFO: 2021-11-05 09:12:51 waitting
2021-11-05 09:13:01,538 INFO: 2021-11-05 09:13:01 waitting
2021-11-05 09:13:11,544 INFO: 2021-11-05 09:13:11 waitting
2021-11-05 09:13:21,554 INFO: 2021-11-05 09:13:21 waitting
2021-11-05 09:13:31,562 INFO: 2021-11-05 09:13:31 waitting
2021-11-05 09:13:41,567 INFO: 2021-11-05 09:13:41 waitting
2021-11-05 09:13:51,568 INFO: 2021-11-05 09:13:51 waitting
2021-11-05 09:14:01,572 INFO: 2021-11-05 09:14:01 waitting
2021-11-05 09:14:11,585 INFO: 2021-11-05 09:14:11 waitting
2021-11-05 09:14:21,595 INFO: 2021-11-05 09:14:21 waitting
2021-11-05 09:14:31,602 INFO: 2021-11-05 09:14:31 waitting
2021-11-05 09:14:41,615 INFO: 2021-11-05 09:14:41 waitting
2021-11-05 09:14:51,618 INFO: 2021-11-05 09:14:51 waitting
2021-11-05 09:15:01,627 INFO: 2021-11-05 09:15:01 waitting
2021-11-05 09:15:11,631 INFO: 2021-11-05 09:15:11 waitting
2021-11-05 09:15:21,637 INFO: 2021-11-05 09:15:21 waitting
2021-11-05 09:15:31,643 INFO: 2021-11-05 09:15:31 waitting
2021-11-05 09:15:41,651 INFO: 2021-11-05 09:15:41 waitting
2021-11-05 09:15:51,659 INFO: 2021-11-05 09:15:51 waitting
2021-11-05 09:16:01,674 INFO: 2021-11-05 09:16:01 waitting
2021-11-05 09:16:11,682 INFO: 2021-11-05 09:16:11 waitting
2021-11-05 09:16:21,687 INFO: 2021-11-05 09:16:21 waitting
2021-11-05 09:16:31,688 INFO: 2021-11-05 09:16:31 waitting
2021-11-05 09:16:41,693 INFO: 2021-11-05 09:16:41 waitting
2021-11-05 09:16:51,704 INFO: 2021-11-05 09:16:51 waitting
2021-11-05 09:17:01,711 INFO: 2021-11-05 09:17:01 waitting
2021-11-05 09:17:11,715 INFO: 2021-11-05 09:17:11 waitting
2021-11-05 09:17:21,719 INFO: 2021-11-05 09:17:21 waitting
2021-11-05 09:17:31,723 INFO: 2021-11-05 09:17:31 waitting
2021-11-05 09:17:41,736 INFO: 2021-11-05 09:17:41 waitting
2021-11-05 09:17:51,748 INFO: 2021-11-05 09:17:51 waitting
2021-11-05 09:18:01,752 INFO: 2021-11-05 09:18:01 waitting
2021-11-05 09:18:11,754 INFO: 2021-11-05 09:18:11 waitting
2021-11-05 09:18:21,766 INFO: 2021-11-05 09:18:21 waitting
2021-11-05 09:18:31,775 INFO: 2021-11-05 09:18:31 waitting
2021-11-05 09:18:41,787 INFO: 2021-11-05 09:18:41 waitting
2021-11-05 09:18:51,801 INFO: 2021-11-05 09:18:51 waitting
2021-11-05 09:19:01,813 INFO: 2021-11-05 09:19:01 waitting
2021-11-05 09:19:11,819 INFO: 2021-11-05 09:19:11 waitting
2021-11-05 09:19:21,823 INFO: 2021-11-05 09:19:21 waitting
2021-11-05 09:19:31,833 INFO: 2021-11-05 09:19:31 waitting
2021-11-05 09:19:41,842 INFO: 2021-11-05 09:19:41 waitting
2021-11-05 09:19:51,857 INFO: 2021-11-05 09:19:51 waitting
2021-11-05 09:20:01,864 INFO: 2021-11-05 09:20:01 waitting
2021-11-05 09:20:11,877 INFO: 2021-11-05 09:20:11 waitting
2021-11-05 09:20:21,878 INFO: 2021-11-05 09:20:21 waitting
2021-11-05 09:20:31,879 INFO: 2021-11-05 09:20:31 waitting
2021-11-05 09:20:41,895 INFO: 2021-11-05 09:20:41 waitting
2021-11-05 09:20:51,907 INFO: 2021-11-05 09:20:51 waitting
2021-11-05 09:21:01,913 INFO: 2021-11-05 09:21:01 waitting
2021-11-05 09:21:11,917 INFO: 2021-11-05 09:21:11 waitting
2021-11-05 09:21:21,922 INFO: 2021-11-05 09:21:21 waitting
2021-11-05 09:21:31,936 INFO: 2021-11-05 09:21:31 waitting
2021-11-05 09:21:41,948 INFO: 2021-11-05 09:21:41 waitting
2021-11-05 09:21:51,954 INFO: 2021-11-05 09:21:51 waitting
2021-11-05 09:22:01,971 INFO: 2021-11-05 09:22:01 waitting
2021-11-05 09:22:11,980 INFO: 2021-11-05 09:22:11 waitting
2021-11-05 09:22:21,995 INFO: 2021-11-05 09:22:21 waitting
2021-11-05 09:22:32,001 INFO: 2021-11-05 09:22:32 waitting
2021-11-05 09:22:42,007 INFO: 2021-11-05 09:22:42 waitting
2021-11-05 09:22:52,015 INFO: 2021-11-05 09:22:52 waitting
2021-11-05 09:23:02,023 INFO: 2021-11-05 09:23:02 waitting
2021-11-05 09:23:12,038 INFO: 2021-11-05 09:23:12 waitting
2021-11-05 09:23:22,044 INFO: 2021-11-05 09:23:22 waitting
2021-11-05 09:23:32,054 INFO: 2021-11-05 09:23:32 waitting
2021-11-05 09:23:42,065 INFO: 2021-11-05 09:23:42 waitting
2021-11-05 09:23:52,077 INFO: 2021-11-05 09:23:52 waitting
2021-11-05 09:24:02,081 INFO: 2021-11-05 09:24:02 waitting
2021-11-05 09:24:12,096 INFO: 2021-11-05 09:24:12 waitting
2021-11-05 09:24:22,107 INFO: 2021-11-05 09:24:22 waitting
2021-11-05 09:24:32,112 INFO: 2021-11-05 09:24:32 waitting
2021-11-05 09:24:42,127 INFO: 2021-11-05 09:24:42 waitting
2021-11-05 09:24:52,132 INFO: 2021-11-05 09:24:52 waitting
2021-11-05 09:25:02,133 INFO: 2021-11-05 09:25:02 waitting
2021-11-05 09:25:12,134 INFO: 2021-11-05 09:25:12 waitting
2021-11-05 09:25:22,142 INFO: 2021-11-05 09:25:22 waitting
2021-11-05 09:25:32,157 INFO: 2021-11-05 09:25:32 waitting
2021-11-05 09:25:42,169 INFO: 2021-11-05 09:25:42 waitting
2021-11-05 09:25:52,182 INFO: 2021-11-05 09:25:52 waitting
2021-11-05 09:26:02,192 INFO: 2021-11-05 09:26:02 waitting
2021-11-05 09:26:12,198 INFO: 2021-11-05 09:26:12 waitting
2021-11-05 09:26:22,202 INFO: 2021-11-05 09:26:22 waitting
2021-11-05 09:26:32,211 INFO: 2021-11-05 09:26:32 waitting
2021-11-05 09:26:42,223 INFO: 2021-11-05 09:26:42 waitting
2021-11-05 09:26:52,224 INFO: 2021-11-05 09:26:52 waitting
2021-11-05 09:27:02,237 INFO: 2021-11-05 09:27:02 waitting
2021-11-05 09:27:12,245 INFO: 2021-11-05 09:27:12 waitting
2021-11-05 09:27:22,252 INFO: 2021-11-05 09:27:22 waitting
2021-11-05 09:27:32,256 INFO: 2021-11-05 09:27:32 waitting
2021-11-05 09:27:42,270 INFO: 2021-11-05 09:27:42 waitting
2021-11-05 09:27:52,281 INFO: 2021-11-05 09:27:52 waitting
2021-11-05 09:28:02,294 INFO: 2021-11-05 09:28:02 waitting
2021-11-05 09:28:12,304 INFO: 2021-11-05 09:28:12 waitting
2021-11-05 09:28:22,315 INFO: 2021-11-05 09:28:22 waitting
2021-11-05 09:28:32,331 INFO: 2021-11-05 09:28:32 waitting
2021-11-05 09:28:42,345 INFO: 2021-11-05 09:28:42 waitting
2021-11-05 09:28:52,352 INFO: 2021-11-05 09:28:52 waitting
2021-11-05 09:29:02,363 INFO: 2021-11-05 09:29:02 waitting
2021-11-05 09:29:12,373 INFO: 2021-11-05 09:29:12 waitting
2021-11-05 09:29:22,383 INFO: 2021-11-05 09:29:22 waitting
2021-11-05 09:29:32,384 INFO: 2021-11-05 09:29:32 waitting
2021-11-05 09:29:42,399 INFO: 2021-11-05 09:29:42 waitting
2021-11-05 09:29:52,406 INFO: 2021-11-05 09:29:52 waitting
2021-11-05 09:30:02,410 INFO: 2021-11-05 09:30:02 waitting
2021-11-05 09:30:12,417 INFO: 2021-11-05 09:30:12 waitting
2021-11-05 09:30:22,421 INFO: 2021-11-05 09:30:22 waitting
2021-11-05 09:30:32,424 INFO: 2021-11-05 09:30:32 waitting
2021-11-05 09:30:42,434 INFO: 2021-11-05 09:30:42 waitting
2021-11-05 09:30:52,445 INFO: 2021-11-05 09:30:52 waitting
2021-11-05 09:31:02,450 INFO: 2021-11-05 09:31:02 waitting
2021-11-05 09:31:12,464 INFO: 2021-11-05 09:31:12 waitting
2021-11-05 09:31:22,468 INFO: 2021-11-05 09:31:22 waitting
2021-11-05 09:31:32,475 INFO: 2021-11-05 09:31:32 waitting
2021-11-05 09:31:42,482 INFO: 2021-11-05 09:31:42 waitting
2021-11-05 09:31:52,495 INFO: 2021-11-05 09:31:52 waitting
2021-11-05 09:32:02,502 INFO: 2021-11-05 09:32:02 waitting
2021-11-05 09:32:12,508 INFO: 2021-11-05 09:32:12 waitting
2021-11-05 09:32:22,511 INFO: 2021-11-05 09:32:22 waitting
2021-11-05 09:32:32,512 INFO: 2021-11-05 09:32:32 waitting
2021-11-05 09:32:42,518 INFO: 2021-11-05 09:32:42 waitting
2021-11-05 09:32:52,519 INFO: 2021-11-05 09:32:52 waitting
2021-11-05 09:33:02,530 INFO: 2021-11-05 09:33:02 waitting
2021-11-05 09:33:12,540 INFO: 2021-11-05 09:33:12 waitting
2021-11-05 09:33:22,549 INFO: 2021-11-05 09:33:22 waitting
2021-11-05 09:33:32,561 INFO: 2021-11-05 09:33:32 waitting
2021-11-05 09:33:42,576 INFO: 2021-11-05 09:33:42 waitting
2021-11-05 09:33:52,580 INFO: 2021-11-05 09:33:52 waitting
2021-11-05 09:34:02,589 INFO: 2021-11-05 09:34:02 waitting
2021-11-05 09:34:12,604 INFO: 2021-11-05 09:34:12 waitting
2021-11-05 09:34:22,611 INFO: 2021-11-05 09:34:22 waitting
2021-11-05 09:34:32,618 INFO: 2021-11-05 09:34:32 waitting
2021-11-05 09:34:42,627 INFO: 2021-11-05 09:34:42 waitting
2021-11-05 09:34:52,628 INFO: 2021-11-05 09:34:52 waitting
2021-11-05 09:35:02,640 INFO: 2021-11-05 09:35:02 waitting
2021-11-05 09:35:12,653 INFO: 2021-11-05 09:35:12 waitting
2021-11-05 09:35:22,656 INFO: 2021-11-05 09:35:22 waitting
2021-11-05 09:35:32,657 INFO: 2021-11-05 09:35:32 waitting
2021-11-05 09:35:42,669 INFO: 2021-11-05 09:35:42 waitting
2021-11-05 09:35:52,679 INFO: 2021-11-05 09:35:52 waitting
2021-11-05 09:36:02,682 INFO: 2021-11-05 09:36:02 waitting
2021-11-05 09:36:12,686 INFO: 2021-11-05 09:36:12 waitting
2021-11-05 09:36:22,697 INFO: 2021-11-05 09:36:22 waitting
2021-11-05 09:36:32,701 INFO: 2021-11-05 09:36:32 waitting
2021-11-05 09:36:42,706 INFO: 2021-11-05 09:36:42 waitting
2021-11-05 09:36:52,707 INFO: 2021-11-05 09:36:52 waitting
2021-11-05 09:37:02,709 INFO: 2021-11-05 09:37:02 waitting
2021-11-05 09:37:12,725 INFO: 2021-11-05 09:37:12 waitting
2021-11-05 09:37:22,732 INFO: 2021-11-05 09:37:22 waitting
2021-11-05 09:37:32,747 INFO: 2021-11-05 09:37:32 waitting
2021-11-05 09:37:42,747 INFO: 2021-11-05 09:37:42 waitting
2021-11-05 09:37:52,752 INFO: 2021-11-05 09:37:52 waitting
2021-11-05 09:38:02,767 INFO: 2021-11-05 09:38:02 waitting
2021-11-05 09:38:12,786 INFO: 2021-11-05 09:38:12 waitting
2021-11-05 09:38:22,792 INFO: 2021-11-05 09:38:22 waitting
2021-11-05 09:38:32,802 INFO: 2021-11-05 09:38:32 waitting
2021-11-05 09:38:42,808 INFO: 2021-11-05 09:38:42 waitting
2021-11-05 09:38:52,811 INFO: 2021-11-05 09:38:52 waitting
2021-11-05 09:39:02,822 INFO: 2021-11-05 09:39:02 waitting
2021-11-05 09:39:12,831 INFO: 2021-11-05 09:39:12 waitting
2021-11-05 09:39:22,836 INFO: 2021-11-05 09:39:22 waitting
2021-11-05 09:39:32,849 INFO: 2021-11-05 09:39:32 waitting
2021-11-05 09:39:42,851 INFO: 2021-11-05 09:39:42 waitting
2021-11-05 09:39:52,866 INFO: 2021-11-05 09:39:52 waitting
2021-11-05 09:40:02,876 INFO: 2021-11-05 09:40:02 waitting
2021-11-05 09:40:12,876 INFO: 2021-11-05 09:40:12 waitting
2021-11-05 09:40:22,886 INFO: 2021-11-05 09:40:22 waitting
2021-11-05 09:40:32,896 INFO: 2021-11-05 09:40:32 waitting
2021-11-05 09:40:42,906 INFO: 2021-11-05 09:40:42 waitting
2021-11-05 09:40:52,911 INFO: 2021-11-05 09:40:52 waitting
2021-11-05 09:41:02,921 INFO: 2021-11-05 09:41:02 waitting
2021-11-05 09:41:12,926 INFO: 2021-11-05 09:41:12 waitting
2021-11-05 09:41:22,932 INFO: 2021-11-05 09:41:22 waitting
2021-11-05 09:41:32,941 INFO: 2021-11-05 09:41:32 waitting
2021-11-05 09:41:42,946 INFO: 2021-11-05 09:41:42 waitting
2021-11-05 09:41:52,947 INFO: 2021-11-05 09:41:52 waitting
2021-11-05 09:42:02,951 INFO: 2021-11-05 09:42:02 waitting
2021-11-05 09:42:12,966 INFO: 2021-11-05 09:42:12 waitting
2021-11-05 09:42:22,972 INFO: 2021-11-05 09:42:22 waitting
2021-11-05 09:42:32,976 INFO: 2021-11-05 09:42:32 waitting
2021-11-05 09:42:42,987 INFO: 2021-11-05 09:42:42 waitting
2021-11-05 09:42:52,996 INFO: 2021-11-05 09:42:52 waitting
2021-11-05 09:43:03,006 INFO: 2021-11-05 09:43:03 waitting
2021-11-05 09:43:13,006 INFO: 2021-11-05 09:43:13 waitting
2021-11-05 09:43:23,017 INFO: 2021-11-05 09:43:23 waitting
2021-11-05 09:43:33,027 INFO: 2021-11-05 09:43:33 waitting
2021-11-05 09:43:43,042 INFO: 2021-11-05 09:43:43 waitting
2021-11-05 09:43:53,057 INFO: 2021-11-05 09:43:53 waitting
2021-11-05 09:44:03,076 INFO: 2021-11-05 09:44:03 waitting
2021-11-05 09:44:13,081 INFO: 2021-11-05 09:44:13 waitting
2021-11-05 09:44:23,102 INFO: 2021-11-05 09:44:23 waitting
2021-11-05 09:44:33,116 INFO: 2021-11-05 09:44:33 waitting
2021-11-05 09:44:43,122 INFO: 2021-11-05 09:44:43 waitting
2021-11-05 09:44:53,136 INFO: 2021-11-05 09:44:53 waitting
2021-11-05 09:45:03,146 INFO: 2021-11-05 09:45:03 waitting
2021-11-05 09:45:13,146 INFO: 2021-11-05 09:45:13 waitting
2021-11-05 09:45:23,156 INFO: 2021-11-05 09:45:23 waitting
2021-11-05 09:45:33,157 INFO: 2021-11-05 09:45:33 waitting
2021-11-05 09:45:43,161 INFO: 2021-11-05 09:45:43 waitting
2021-11-05 09:45:53,166 INFO: 2021-11-05 09:45:53 waitting
2021-11-05 09:46:03,181 INFO: 2021-11-05 09:46:03 waitting
2021-11-05 09:46:13,197 INFO: 2021-11-05 09:46:13 waitting
2021-11-05 09:46:23,201 INFO: 2021-11-05 09:46:23 waitting
2021-11-05 09:46:33,211 INFO: 2021-11-05 09:46:33 waitting
2021-11-05 09:46:43,216 INFO: 2021-11-05 09:46:43 waitting
2021-11-05 09:46:53,231 INFO: 2021-11-05 09:46:53 waitting
2021-11-05 09:47:03,246 INFO: 2021-11-05 09:47:03 waitting
2021-11-05 09:47:13,246 INFO: 2021-11-05 09:47:13 waitting
2021-11-05 09:47:23,256 INFO: 2021-11-05 09:47:23 waitting
2021-11-05 09:47:33,262 INFO: 2021-11-05 09:47:33 waitting
2021-11-05 09:47:43,266 INFO: 2021-11-05 09:47:43 waitting
2021-11-05 09:47:53,281 INFO: 2021-11-05 09:47:53 waitting
2021-11-05 09:48:03,286 INFO: 2021-11-05 09:48:03 waitting
2021-11-05 09:48:13,296 INFO: 2021-11-05 09:48:13 waitting
2021-11-05 09:48:23,296 INFO: 2021-11-05 09:48:23 waitting
2021-11-05 09:48:33,316 INFO: 2021-11-05 09:48:33 waitting
2021-11-05 09:48:43,326 INFO: 2021-11-05 09:48:43 waitting
2021-11-05 09:48:53,336 INFO: 2021-11-05 09:48:53 waitting
2021-11-05 09:49:03,346 INFO: 2021-11-05 09:49:03 waitting
2021-11-05 09:49:13,347 INFO: 2021-11-05 09:49:13 waitting
2021-11-05 09:49:23,361 INFO: 2021-11-05 09:49:23 waitting
2021-11-05 09:49:33,362 INFO: 2021-11-05 09:49:33 waitting
2021-11-05 09:49:43,366 INFO: 2021-11-05 09:49:43 waitting
2021-11-05 09:49:53,366 INFO: 2021-11-05 09:49:53 waitting
2021-11-05 09:50:03,372 INFO: 2021-11-05 09:50:03 waitting
2021-11-05 09:50:13,376 INFO: 2021-11-05 09:50:13 waitting
2021-11-05 09:50:23,377 INFO: 2021-11-05 09:50:23 waitting
2021-11-05 09:50:33,377 INFO: 2021-11-05 09:50:33 waitting
2021-11-05 09:50:43,392 INFO: 2021-11-05 09:50:43 waitting
2021-11-05 09:50:53,397 INFO: 2021-11-05 09:50:53 waitting
2021-11-05 09:51:03,417 INFO: 2021-11-05 09:51:03 waitting
2021-11-05 09:51:13,428 INFO: 2021-11-05 09:51:13 waitting
2021-11-05 09:51:23,447 INFO: 2021-11-05 09:51:23 waitting
2021-11-05 09:51:33,451 INFO: 2021-11-05 09:51:33 waitting
2021-11-05 09:51:43,461 INFO: --------------------------------------------------------------------------------
2021-11-05 09:51:43,461 INFO: start: v221_WR42_7pole_filter.aedtz!
2021-11-05 09:51:43,487 INFO: process code: None
2021-11-05 09:51:43,487 INFO: memory size: 1556480, idle: 0 secs
2021-11-05 09:51:47,740 INFO: D:/demo\v221_WR42_7pole_filter\WR42_7pole_filter.aedt is created
2021-11-05 09:51:53,493 INFO: process code: None
2021-11-05 09:51:53,493 INFO: memory size: 367206400, idle: 0 secs
2021-11-05 09:52:03,502 INFO: process code: None
2021-11-05 09:52:03,502 INFO: memory size: 367570944, idle: 0 secs
2021-11-05 09:52:13,508 INFO: process code: None
2021-11-05 09:52:13,508 INFO: memory size: 368078848, idle: 0 secs
2021-11-05 09:52:23,514 INFO: process code: None
2021-11-05 09:52:23,514 INFO: memory size: 368357376, idle: 0 secs
2021-11-05 09:52:33,523 INFO: process code: None
2021-11-05 09:52:33,523 INFO: memory size: 368824320, idle: 0 secs
2021-11-05 09:52:43,532 INFO: process code: None
2021-11-05 09:52:43,532 INFO: memory size: 368779264, idle: 0 secs
2021-11-05 09:52:53,537 INFO: process code: None
2021-11-05 09:52:53,537 INFO: memory size: 368779264, idle: 0 secs
2021-11-05 09:53:03,552 INFO: process code: None
2021-11-05 09:53:03,552 INFO: memory size: 368779264, idle: 10 secs
2021-11-05 09:53:13,557 INFO: process code: None
2021-11-05 09:53:13,557 INFO: memory size: 368779264, idle: 20 secs
2021-11-05 09:53:23,562 INFO: process code: None
2021-11-05 09:53:23,563 INFO: memory size: 369078272, idle: 30 secs
2021-11-05 09:53:33,567 INFO: process code: None
2021-11-05 09:53:33,567 INFO: memory size: 369102848, idle: 0 secs
2021-11-05 09:53:43,571 INFO: process code: None
2021-11-05 09:53:43,571 INFO: memory size: 378257408, idle: 0 secs
2021-11-05 09:53:53,587 INFO: v221_WR42_7pole_filter.aedtz accomplished!
2021-11-05 09:53:55,722 INFO: 2021-11-05 09:53:55 waitting
2021-11-05 09:53:56,430 INFO: D:/demo\v221_WR42_7pole_filter.zip is created
2021-11-05 09:54:05,737 INFO: 2021-11-05 09:54:05 waitting
2021-11-05 09:54:15,746 INFO: 2021-11-05 09:54:15 waitting
2021-11-05 09:54:25,755 INFO: 2021-11-05 09:54:25 waitting
2021-11-05 09:54:35,757 INFO: 2021-11-05 09:54:35 waitting
2021-11-05 09:54:45,768 INFO: 2021-11-05 09:54:45 waitting
